
*** Running vivado
    with args -log clk_wiz_0.vds -m64 -product Vivado -mode batch -messageDb vivado.pb -notrace -source clk_wiz_0.tcl


****** Vivado v2016.3 (64-bit)
  **** SW Build 1682563 on Mon Oct 10 19:07:27 MDT 2016
  **** IP Build 1681267 on Mon Oct 10 21:28:31 MDT 2016
    ** Copyright 1986-2016 Xilinx, Inc. All Rights Reserved.

source clk_wiz_0.tcl -notrace
Starting RTL Elaboration : Time (s): cpu = 00:00:08 ; elapsed = 00:00:13 . Memory (MB): peak = 286.801 ; gain = 76.766
INFO: [Synth 8-638] synthesizing module 'clk_wiz_0' [l:/CPU54/CPU54.srcs/sources_1/ip/clk_wiz_0/clk_wiz_0.v:70]
INFO: [Synth 8-638] synthesizing module 'clk_wiz_0_clk_wiz' [l:/CPU54/CPU54.srcs/sources_1/ip/clk_wiz_0/clk_wiz_0_clk_wiz.v:68]
INFO: [Synth 8-638] synthesizing module 'IBUF' [C:/Xilinx/Vivado/2016.3/scripts/rt/data/unisim_comp.v:14146]
INFO: [Synth 8-256] done synthesizing module 'IBUF' (1#1) [C:/Xilinx/Vivado/2016.3/scripts/rt/data/unisim_comp.v:14146]
INFO: [Synth 8-638] synthesizing module 'MMCME2_ADV' [C:/Xilinx/Vivado/2016.3/scripts/rt/data/unisim_comp.v:20414]
INFO: [Synth 8-256] done synthesizing module 'MMCME2_ADV' (2#1) [C:/Xilinx/Vivado/2016.3/scripts/rt/data/unisim_comp.v:20414]
INFO: [Synth 8-638] synthesizing module 'BUFG' [C:/Xilinx/Vivado/2016.3/scripts/rt/data/unisim_comp.v:607]
INFO: [Synth 8-256] done synthesizing module 'BUFG' (3#1) [C:/Xilinx/Vivado/2016.3/scripts/rt/data/unisim_comp.v:607]
INFO: [Synth 8-256] done synthesizing module 'clk_wiz_0_clk_wiz' (4#1) [l:/CPU54/CPU54.srcs/sources_1/ip/clk_wiz_0/clk_wiz_0_clk_wiz.v:68]
INFO: [Synth 8-256] done synthesizing module 'clk_wiz_0' (5#1) [l:/CPU54/CPU54.srcs/sources_1/ip/clk_wiz_0/clk_wiz_0.v:70]
Finished RTL Elaboration : Time (s): cpu = 00:00:10 ; elapsed = 00:00:14 . Memory (MB): peak = 324.359 ; gain = 114.324
Finished RTL Optimization Phase 1 : Time (s): cpu = 00:00:10 ; elapsed = 00:00:15 . Memory (MB): peak = 324.359 ; gain = 114.324
INFO: [Device 21-403] Loading part xc7a100tcsg324-1
Constraint Validation Runtime : Time (s): cpu = 00:00:00 ; elapsed = 00:00:00.250 . Memory (MB): peak = 548.359 ; gain = 0.000
Finished Constraint Validation : Time (s): cpu = 00:00:23 ; elapsed = 00:00:30 . Memory (MB): peak = 548.359 ; gain = 338.324
Finished Loading Part and Timing Information : Time (s): cpu = 00:00:23 ; elapsed = 00:00:30 . Memory (MB): peak = 548.359 ; gain = 338.324
Finished applying 'set_property' XDC Constraints : Time (s): cpu = 00:00:23 ; elapsed = 00:00:30 . Memory (MB): peak = 548.359 ; gain = 338.324
Finished RTL Optimization Phase 2 : Time (s): cpu = 00:00:23 ; elapsed = 00:00:30 . Memory (MB): peak = 548.359 ; gain = 338.324
Finished Cross Boundary and Area Optimization : Time (s): cpu = 00:00:24 ; elapsed = 00:00:30 . Memory (MB): peak = 548.359 ; gain = 338.324
Finished Applying XDC Timing Constraints : Time (s): cpu = 00:00:39 ; elapsed = 00:00:46 . Memory (MB): peak = 564.176 ; gain = 354.141
Finished Timing Optimization : Time (s): cpu = 00:00:39 ; elapsed = 00:00:46 . Memory (MB): peak = 564.176 ; gain = 354.141
Finished Technology Mapping : Time (s): cpu = 00:00:39 ; elapsed = 00:00:46 . Memory (MB): peak = 573.805 ; gain = 363.770
Finished IO Insertion : Time (s): cpu = 00:00:40 ; elapsed = 00:00:47 . Memory (MB): peak = 573.805 ; gain = 363.770
Finished Renaming Generated Instances : Time (s): cpu = 00:00:40 ; elapsed = 00:00:47 . Memory (MB): peak = 573.805 ; gain = 363.770
Finished Rebuilding User Hierarchy : Time (s): cpu = 00:00:40 ; elapsed = 00:00:47 . Memory (MB): peak = 573.805 ; gain = 363.770
Finished Renaming Generated Ports : Time (s): cpu = 00:00:40 ; elapsed = 00:00:47 . Memory (MB): peak = 573.805 ; gain = 363.770
Finished Handling Custom Attributes : Time (s): cpu = 00:00:40 ; elapsed = 00:00:47 . Memory (MB): peak = 573.805 ; gain = 363.770
Finished Renaming Generated Nets : Time (s): cpu = 00:00:40 ; elapsed = 00:00:47 . Memory (MB): peak = 573.805 ; gain = 363.770

Report Cell Usage: 
+------+-----------+------+
|      |Cell       |Count |
+------+-----------+------+
|1     |BUFG       |     2|
|2     |MMCME2_ADV |     1|
|3     |IBUF       |     1|
+------+-----------+------+
Finished Writing Synthesis Report : Time (s): cpu = 00:00:40 ; elapsed = 00:00:47 . Memory (MB): peak = 573.805 ; gain = 363.770
synth_design: Time (s): cpu = 00:00:42 ; elapsed = 00:00:46 . Memory (MB): peak = 954.477 ; gain = 744.441
