
*** Running vivado
    with args -log dist_iram_ip.vds -m64 -product Vivado -mode batch -messageDb vivado.pb -notrace -source dist_iram_ip.tcl


****** Vivado v2016.3 (64-bit)
  **** SW Build 1682563 on Mon Oct 10 19:07:27 MDT 2016
  **** IP Build 1681267 on Mon Oct 10 21:28:31 MDT 2016
    ** Copyright 1986-2016 Xilinx, Inc. All Rights Reserved.

source dist_iram_ip.tcl -notrace
Starting RTL Elaboration : Time (s): cpu = 00:00:09 ; elapsed = 00:00:12 . Memory (MB): peak = 284.414 ; gain = 74.492
INFO: [Synth 8-638] synthesizing module 'dist_iram_ip' [l:/CPU54/CPU54.srcs/sources_1/ip/dist_iram_ip/synth/dist_iram_ip.vhd:66]
INFO: [Synth 8-256] done synthesizing module 'dist_iram_ip' (4#1) [l:/CPU54/CPU54.srcs/sources_1/ip/dist_iram_ip/synth/dist_iram_ip.vhd:66]
Finished RTL Elaboration : Time (s): cpu = 00:01:14 ; elapsed = 00:01:17 . Memory (MB): peak = 783.844 ; gain = 573.922
Finished RTL Optimization Phase 1 : Time (s): cpu = 00:01:14 ; elapsed = 00:01:17 . Memory (MB): peak = 783.844 ; gain = 573.922
INFO: [Device 21-403] Loading part xc7a100tcsg324-1
Constraint Validation Runtime : Time (s): cpu = 00:00:00 ; elapsed = 00:00:00.021 . Memory (MB): peak = 801.492 ; gain = 0.000
Finished Constraint Validation : Time (s): cpu = 00:01:25 ; elapsed = 00:01:29 . Memory (MB): peak = 801.492 ; gain = 591.570
Finished Loading Part and Timing Information : Time (s): cpu = 00:01:25 ; elapsed = 00:01:29 . Memory (MB): peak = 801.492 ; gain = 591.570
Finished applying 'set_property' XDC Constraints : Time (s): cpu = 00:01:25 ; elapsed = 00:01:29 . Memory (MB): peak = 801.492 ; gain = 591.570
Finished RTL Optimization Phase 2 : Time (s): cpu = 00:01:26 ; elapsed = 00:01:30 . Memory (MB): peak = 801.492 ; gain = 591.570
Finished Cross Boundary and Area Optimization : Time (s): cpu = 00:01:35 ; elapsed = 00:01:39 . Memory (MB): peak = 805.949 ; gain = 596.027
---------------------------------------------------------------------------------
Start ROM, RAM, DSP and Shift Register Reporting
---------------------------------------------------------------------------------

ROM:
+---------------------+--------------------------------------------------------+---------------+----------------+
|Module Name          | RTL Object                                             | Depth x Width | Implemented As | 
+---------------------+--------------------------------------------------------+---------------+----------------+
|rom                  | rom[2047]                                              | 2048x32       | LUT            | 
|dist_mem_gen_v8_0_11 | synth_options.dist_mem_inst/gen_rom.rom_inst/rom[2047] | 2048x32       | LUT            | 
+---------------------+--------------------------------------------------------+---------------+----------------+

---------------------------------------------------------------------------------
Finished ROM, RAM, DSP and Shift Register Reporting
---------------------------------------------------------------------------------
Finished Applying XDC Timing Constraints : Time (s): cpu = 00:01:48 ; elapsed = 00:01:52 . Memory (MB): peak = 805.949 ; gain = 596.027
Finished Timing Optimization : Time (s): cpu = 00:01:48 ; elapsed = 00:01:53 . Memory (MB): peak = 805.949 ; gain = 596.027
Finished Technology Mapping : Time (s): cpu = 00:01:49 ; elapsed = 00:01:54 . Memory (MB): peak = 805.949 ; gain = 596.027
Finished IO Insertion : Time (s): cpu = 00:01:50 ; elapsed = 00:01:54 . Memory (MB): peak = 805.949 ; gain = 596.027
Finished Renaming Generated Instances : Time (s): cpu = 00:01:50 ; elapsed = 00:01:54 . Memory (MB): peak = 805.949 ; gain = 596.027
Finished Rebuilding User Hierarchy : Time (s): cpu = 00:01:50 ; elapsed = 00:01:54 . Memory (MB): peak = 805.949 ; gain = 596.027
Finished Renaming Generated Ports : Time (s): cpu = 00:01:50 ; elapsed = 00:01:54 . Memory (MB): peak = 805.949 ; gain = 596.027
Finished Handling Custom Attributes : Time (s): cpu = 00:01:50 ; elapsed = 00:01:55 . Memory (MB): peak = 805.949 ; gain = 596.027
Finished Renaming Generated Nets : Time (s): cpu = 00:01:50 ; elapsed = 00:01:55 . Memory (MB): peak = 805.949 ; gain = 596.027

Report Cell Usage: 
+------+------+------+
|      |Cell  |Count |
+------+------+------+
|1     |LUT2  |     9|
|2     |LUT3  |     4|
|3     |LUT4  |    13|
|4     |LUT5  |    48|
|5     |LUT6  |   535|
|6     |MUXF7 |   116|
|7     |MUXF8 |    35|
+------+------+------+
Finished Writing Synthesis Report : Time (s): cpu = 00:01:50 ; elapsed = 00:01:55 . Memory (MB): peak = 805.949 ; gain = 596.027
synth_design: Time (s): cpu = 00:01:49 ; elapsed = 00:01:52 . Memory (MB): peak = 805.949 ; gain = 595.762
