
*** Running vivado
    with args -log dist_dmem_ip.vds -m64 -product Vivado -mode batch -messageDb vivado.pb -notrace -source dist_dmem_ip.tcl


****** Vivado v2016.3 (64-bit)
  **** SW Build 1682563 on Mon Oct 10 19:07:27 MDT 2016
  **** IP Build 1681267 on Mon Oct 10 21:28:31 MDT 2016
    ** Copyright 1986-2016 Xilinx, Inc. All Rights Reserved.

source dist_dmem_ip.tcl -notrace
Starting RTL Elaboration : Time (s): cpu = 00:00:10 ; elapsed = 00:00:15 . Memory (MB): peak = 284.813 ; gain = 74.688
INFO: [Synth 8-638] synthesizing module 'dist_dmem_ip' [l:/CPU54/CPU54.srcs/sources_1/ip/dist_dmem_ip/synth/dist_dmem_ip.vhd:69]
INFO: [Synth 8-256] done synthesizing module 'dist_dmem_ip' (4#1) [l:/CPU54/CPU54.srcs/sources_1/ip/dist_dmem_ip/synth/dist_dmem_ip.vhd:69]
Finished RTL Elaboration : Time (s): cpu = 00:03:54 ; elapsed = 00:04:01 . Memory (MB): peak = 1720.719 ; gain = 1510.594
Finished RTL Optimization Phase 1 : Time (s): cpu = 00:03:54 ; elapsed = 00:04:01 . Memory (MB): peak = 1720.719 ; gain = 1510.594
INFO: [Device 21-403] Loading part xc7a100tcsg324-1
Constraint Validation Runtime : Time (s): cpu = 00:00:00 ; elapsed = 00:00:00.212 . Memory (MB): peak = 1737.359 ; gain = 0.000
Finished Constraint Validation : Time (s): cpu = 00:04:07 ; elapsed = 00:04:15 . Memory (MB): peak = 1737.359 ; gain = 1527.234
Finished Loading Part and Timing Information : Time (s): cpu = 00:04:07 ; elapsed = 00:04:15 . Memory (MB): peak = 1737.359 ; gain = 1527.234
Finished applying 'set_property' XDC Constraints : Time (s): cpu = 00:04:07 ; elapsed = 00:04:16 . Memory (MB): peak = 1737.359 ; gain = 1527.234
Finished RTL Optimization Phase 2 : Time (s): cpu = 00:04:07 ; elapsed = 00:04:16 . Memory (MB): peak = 1737.359 ; gain = 1527.234
Finished Cross Boundary and Area Optimization : Time (s): cpu = 00:04:09 ; elapsed = 00:04:18 . Memory (MB): peak = 1737.359 ; gain = 1527.234
---------------------------------------------------------------------------------
Start ROM, RAM, DSP and Shift Register Reporting
---------------------------------------------------------------------------------

Distributed RAM: Preliminary Mapping  Report (see note below)
+---------------------+-----------------------------------------------------------+----------------+----------------------+--------------------------------------------------+
|Module Name          | RTL Object                                                | Inference      | Size (Depth x Width) | Primitives                                       | 
+---------------------+-----------------------------------------------------------+----------------+----------------------+--------------------------------------------------+
|dist_mem_gen_v8_0_11 | synth_options.dist_mem_inst/gen_sp_ram.spram_inst/ram_reg | User Attribute | 8 K x 32             | RAM32X1S x 32  RAM128X1S x 32  RAM256X1S x 512   | 
+---------------------+-----------------------------------------------------------+----------------+----------------------+--------------------------------------------------+

Note: The table above is a preliminary report that shows the Distributed RAMs at the current stage of the synthesis flow. Some Distributed RAMs may be reimplemented as non Distributed RAM primitives later in the synthesis flow. Multiple instantiated RAMs are reported only once.
---------------------------------------------------------------------------------
Finished ROM, RAM, DSP and Shift Register Reporting
---------------------------------------------------------------------------------
Finished Applying XDC Timing Constraints : Time (s): cpu = 00:04:22 ; elapsed = 00:04:30 . Memory (MB): peak = 1737.359 ; gain = 1527.234
Finished Timing Optimization : Time (s): cpu = 00:04:22 ; elapsed = 00:04:31 . Memory (MB): peak = 1737.359 ; gain = 1527.234
Finished Technology Mapping : Time (s): cpu = 00:04:22 ; elapsed = 00:04:31 . Memory (MB): peak = 1737.359 ; gain = 1527.234
Finished IO Insertion : Time (s): cpu = 00:04:23 ; elapsed = 00:04:32 . Memory (MB): peak = 1737.359 ; gain = 1527.234
Finished Renaming Generated Instances : Time (s): cpu = 00:04:23 ; elapsed = 00:04:32 . Memory (MB): peak = 1737.359 ; gain = 1527.234
Finished Rebuilding User Hierarchy : Time (s): cpu = 00:04:23 ; elapsed = 00:04:32 . Memory (MB): peak = 1737.359 ; gain = 1527.234
Finished Renaming Generated Ports : Time (s): cpu = 00:04:23 ; elapsed = 00:04:32 . Memory (MB): peak = 1737.359 ; gain = 1527.234
Finished Handling Custom Attributes : Time (s): cpu = 00:04:23 ; elapsed = 00:04:32 . Memory (MB): peak = 1737.359 ; gain = 1527.234
Finished Renaming Generated Nets : Time (s): cpu = 00:04:23 ; elapsed = 00:04:32 . Memory (MB): peak = 1737.359 ; gain = 1527.234

Report Cell Usage: 
+------+----------+------+
|      |Cell      |Count |
+------+----------+------+
|1     |LUT2      |     1|
|2     |LUT4      |     1|
|3     |LUT6      |   210|
|4     |MUXF7     |    64|
|5     |MUXF8     |    32|
|6     |RAM128X1S |    32|
|7     |RAM256X1S |   512|
|8     |RAM32X1S  |    32|
|9     |FDRE      |    32|
+------+----------+------+
Finished Writing Synthesis Report : Time (s): cpu = 00:04:23 ; elapsed = 00:04:32 . Memory (MB): peak = 1737.359 ; gain = 1527.234
synth_design: Time (s): cpu = 00:04:23 ; elapsed = 00:04:29 . Memory (MB): peak = 1737.359 ; gain = 1527.234
