
*** Running vivado
    with args -log dist_iram_ip.vds -m64 -product Vivado -mode batch -messageDb vivado.pb -notrace -source dist_iram_ip.tcl


****** Vivado v2016.3 (64-bit)
  **** SW Build 1682563 on Mon Oct 10 19:07:27 MDT 2016
  **** IP Build 1681267 on Mon Oct 10 21:28:31 MDT 2016
    ** Copyright 1986-2016 Xilinx, Inc. All Rights Reserved.

source dist_iram_ip.tcl -notrace
Starting RTL Elaboration : Time (s): cpu = 00:00:11 ; elapsed = 00:00:14 . Memory (MB): peak = 285.375 ; gain = 74.824
INFO: [Synth 8-638] synthesizing module 'dist_iram_ip' [l:/CPU54/CPU54.srcs/sources_1/ip/dist_iram_ip/synth/dist_iram_ip.vhd:66]
INFO: [Synth 8-256] done synthesizing module 'dist_iram_ip' (4#1) [l:/CPU54/CPU54.srcs/sources_1/ip/dist_iram_ip/synth/dist_iram_ip.vhd:66]
Finished RTL Elaboration : Time (s): cpu = 00:01:23 ; elapsed = 00:01:28 . Memory (MB): peak = 746.160 ; gain = 535.609
Finished RTL Optimization Phase 1 : Time (s): cpu = 00:01:23 ; elapsed = 00:01:29 . Memory (MB): peak = 746.160 ; gain = 535.609
INFO: [Device 21-403] Loading part xc7a100tcsg324-1
Constraint Validation Runtime : Time (s): cpu = 00:00:00 ; elapsed = 00:00:00.268 . Memory (MB): peak = 758.523 ; gain = 0.000
Finished Constraint Validation : Time (s): cpu = 00:01:37 ; elapsed = 00:01:46 . Memory (MB): peak = 758.523 ; gain = 547.973
Finished Loading Part and Timing Information : Time (s): cpu = 00:01:37 ; elapsed = 00:01:46 . Memory (MB): peak = 758.523 ; gain = 547.973
Finished applying 'set_property' XDC Constraints : Time (s): cpu = 00:01:37 ; elapsed = 00:01:46 . Memory (MB): peak = 758.523 ; gain = 547.973
Finished RTL Optimization Phase 2 : Time (s): cpu = 00:01:38 ; elapsed = 00:01:47 . Memory (MB): peak = 758.523 ; gain = 547.973
Finished Cross Boundary and Area Optimization : Time (s): cpu = 00:01:46 ; elapsed = 00:01:55 . Memory (MB): peak = 769.793 ; gain = 559.242
---------------------------------------------------------------------------------
Start ROM, RAM, DSP and Shift Register Reporting
---------------------------------------------------------------------------------

ROM:
+---------------------+--------------------------------------------------------+---------------+----------------+
|Module Name          | RTL Object                                             | Depth x Width | Implemented As | 
+---------------------+--------------------------------------------------------+---------------+----------------+
|rom                  | rom[2047]                                              | 2048x32       | LUT            | 
|dist_mem_gen_v8_0_11 | synth_options.dist_mem_inst/gen_rom.rom_inst/rom[2047] | 2048x32       | LUT            | 
+---------------------+--------------------------------------------------------+---------------+----------------+

---------------------------------------------------------------------------------
Finished ROM, RAM, DSP and Shift Register Reporting
---------------------------------------------------------------------------------
Finished Applying XDC Timing Constraints : Time (s): cpu = 00:01:57 ; elapsed = 00:02:07 . Memory (MB): peak = 769.793 ; gain = 559.242
Finished Timing Optimization : Time (s): cpu = 00:01:58 ; elapsed = 00:02:07 . Memory (MB): peak = 769.793 ; gain = 559.242
Finished Technology Mapping : Time (s): cpu = 00:01:58 ; elapsed = 00:02:08 . Memory (MB): peak = 769.793 ; gain = 559.242
Finished IO Insertion : Time (s): cpu = 00:01:59 ; elapsed = 00:02:09 . Memory (MB): peak = 769.793 ; gain = 559.242
Finished Renaming Generated Instances : Time (s): cpu = 00:01:59 ; elapsed = 00:02:09 . Memory (MB): peak = 769.793 ; gain = 559.242
Finished Rebuilding User Hierarchy : Time (s): cpu = 00:01:59 ; elapsed = 00:02:09 . Memory (MB): peak = 769.793 ; gain = 559.242
Finished Renaming Generated Ports : Time (s): cpu = 00:01:59 ; elapsed = 00:02:09 . Memory (MB): peak = 769.793 ; gain = 559.242
Finished Handling Custom Attributes : Time (s): cpu = 00:01:59 ; elapsed = 00:02:09 . Memory (MB): peak = 769.793 ; gain = 559.242
Finished Renaming Generated Nets : Time (s): cpu = 00:01:59 ; elapsed = 00:02:09 . Memory (MB): peak = 769.793 ; gain = 559.242

Report Cell Usage: 
+------+------+------+
|      |Cell  |Count |
+------+------+------+
|1     |LUT2  |     9|
|2     |LUT3  |     4|
|3     |LUT4  |    17|
|4     |LUT5  |    50|
|5     |LUT6  |   445|
|6     |MUXF7 |   110|
|7     |MUXF8 |    32|
+------+------+------+
Finished Writing Synthesis Report : Time (s): cpu = 00:01:59 ; elapsed = 00:02:09 . Memory (MB): peak = 769.793 ; gain = 559.242
synth_design: Time (s): cpu = 00:01:57 ; elapsed = 00:02:04 . Memory (MB): peak = 769.793 ; gain = 559.242
