
*** Running vivado
    with args -log dist_iram_ip.vds -m64 -product Vivado -mode batch -messageDb vivado.pb -notrace -source dist_iram_ip.tcl


****** Vivado v2016.3 (64-bit)
  **** SW Build 1682563 on Mon Oct 10 19:07:27 MDT 2016
  **** IP Build 1681267 on Mon Oct 10 21:28:31 MDT 2016
    ** Copyright 1986-2016 Xilinx, Inc. All Rights Reserved.

source dist_iram_ip.tcl -notrace
Starting RTL Elaboration : Time (s): cpu = 00:00:10 ; elapsed = 00:00:13 . Memory (MB): peak = 284.703 ; gain = 74.621
INFO: [Synth 8-638] synthesizing module 'dist_iram_ip' [l:/CPU54/CPU54.srcs/sources_1/ip/dist_iram_ip/synth/dist_iram_ip.vhd:66]
INFO: [Synth 8-256] done synthesizing module 'dist_iram_ip' (4#1) [l:/CPU54/CPU54.srcs/sources_1/ip/dist_iram_ip/synth/dist_iram_ip.vhd:66]
Finished RTL Elaboration : Time (s): cpu = 00:01:07 ; elapsed = 00:01:11 . Memory (MB): peak = 664.422 ; gain = 454.340
Finished RTL Optimization Phase 1 : Time (s): cpu = 00:01:08 ; elapsed = 00:01:11 . Memory (MB): peak = 664.422 ; gain = 454.340
INFO: [Device 21-403] Loading part xc7a100tcsg324-1
Constraint Validation Runtime : Time (s): cpu = 00:00:00 ; elapsed = 00:00:00.243 . Memory (MB): peak = 680.176 ; gain = 0.000
Finished Constraint Validation : Time (s): cpu = 00:01:22 ; elapsed = 00:01:27 . Memory (MB): peak = 680.176 ; gain = 470.094
Finished Loading Part and Timing Information : Time (s): cpu = 00:01:22 ; elapsed = 00:01:27 . Memory (MB): peak = 680.176 ; gain = 470.094
Finished applying 'set_property' XDC Constraints : Time (s): cpu = 00:01:22 ; elapsed = 00:01:27 . Memory (MB): peak = 680.176 ; gain = 470.094
Finished RTL Optimization Phase 2 : Time (s): cpu = 00:01:23 ; elapsed = 00:01:28 . Memory (MB): peak = 680.176 ; gain = 470.094
Finished Cross Boundary and Area Optimization : Time (s): cpu = 00:01:32 ; elapsed = 00:01:37 . Memory (MB): peak = 692.996 ; gain = 482.914
---------------------------------------------------------------------------------
Start ROM, RAM, DSP and Shift Register Reporting
---------------------------------------------------------------------------------

ROM:
+---------------------+--------------------------------------------------------+---------------+----------------+
|Module Name          | RTL Object                                             | Depth x Width | Implemented As | 
+---------------------+--------------------------------------------------------+---------------+----------------+
|rom                  | rom[2047]                                              | 2048x32       | LUT            | 
|dist_mem_gen_v8_0_11 | synth_options.dist_mem_inst/gen_rom.rom_inst/rom[2047] | 2048x32       | LUT            | 
+---------------------+--------------------------------------------------------+---------------+----------------+

---------------------------------------------------------------------------------
Finished ROM, RAM, DSP and Shift Register Reporting
---------------------------------------------------------------------------------
Finished Applying XDC Timing Constraints : Time (s): cpu = 00:01:44 ; elapsed = 00:01:49 . Memory (MB): peak = 692.996 ; gain = 482.914
Finished Timing Optimization : Time (s): cpu = 00:01:44 ; elapsed = 00:01:49 . Memory (MB): peak = 692.996 ; gain = 482.914
Finished Technology Mapping : Time (s): cpu = 00:01:44 ; elapsed = 00:01:50 . Memory (MB): peak = 697.523 ; gain = 487.441
Finished IO Insertion : Time (s): cpu = 00:01:45 ; elapsed = 00:01:51 . Memory (MB): peak = 697.523 ; gain = 487.441
Finished Renaming Generated Instances : Time (s): cpu = 00:01:45 ; elapsed = 00:01:51 . Memory (MB): peak = 697.523 ; gain = 487.441
Finished Rebuilding User Hierarchy : Time (s): cpu = 00:01:45 ; elapsed = 00:01:51 . Memory (MB): peak = 697.523 ; gain = 487.441
Finished Renaming Generated Ports : Time (s): cpu = 00:01:45 ; elapsed = 00:01:51 . Memory (MB): peak = 697.523 ; gain = 487.441
Finished Handling Custom Attributes : Time (s): cpu = 00:01:45 ; elapsed = 00:01:51 . Memory (MB): peak = 697.523 ; gain = 487.441
Finished Renaming Generated Nets : Time (s): cpu = 00:01:45 ; elapsed = 00:01:51 . Memory (MB): peak = 697.523 ; gain = 487.441

Report Cell Usage: 
+------+------+------+
|      |Cell  |Count |
+------+------+------+
|1     |LUT2  |     3|
|2     |LUT3  |    13|
|3     |LUT4  |    29|
|4     |LUT5  |    70|
|5     |LUT6  |   529|
|6     |MUXF7 |   125|
|7     |MUXF8 |    39|
+------+------+------+
Finished Writing Synthesis Report : Time (s): cpu = 00:01:45 ; elapsed = 00:01:51 . Memory (MB): peak = 697.523 ; gain = 487.441
synth_design: Time (s): cpu = 00:01:44 ; elapsed = 00:01:47 . Memory (MB): peak = 716.508 ; gain = 506.426
