
*** Running vivado
    with args -log dist_dmem_ip.vds -m64 -product Vivado -mode batch -messageDb vivado.pb -notrace -source dist_dmem_ip.tcl


****** Vivado v2016.3 (64-bit)
  **** SW Build 1682563 on Mon Oct 10 19:07:27 MDT 2016
  **** IP Build 1681267 on Mon Oct 10 21:28:31 MDT 2016
    ** Copyright 1986-2016 Xilinx, Inc. All Rights Reserved.

source dist_dmem_ip.tcl -notrace
Starting RTL Elaboration : Time (s): cpu = 00:00:09 ; elapsed = 00:00:11 . Memory (MB): peak = 285.324 ; gain = 75.195
INFO: [Synth 8-638] synthesizing module 'dist_dmem_ip' [l:/CPU54/CPU54.srcs/sources_1/ip/dist_dmem_ip/synth/dist_dmem_ip.vhd:69]
INFO: [Synth 8-256] done synthesizing module 'dist_dmem_ip' (4#1) [l:/CPU54/CPU54.srcs/sources_1/ip/dist_dmem_ip/synth/dist_dmem_ip.vhd:69]
Finished RTL Elaboration : Time (s): cpu = 00:25:46 ; elapsed = 00:26:40 . Memory (MB): peak = 5729.992 ; gain = 5519.863
Finished RTL Optimization Phase 1 : Time (s): cpu = 00:25:46 ; elapsed = 00:26:40 . Memory (MB): peak = 5729.992 ; gain = 5519.863
INFO: [Device 21-403] Loading part xc7a100tcsg324-1
Constraint Validation Runtime : Time (s): cpu = 00:00:00 ; elapsed = 00:00:00.313 . Memory (MB): peak = 5729.992 ; gain = 0.000
Finished Constraint Validation : Time (s): cpu = 00:26:00 ; elapsed = 00:26:58 . Memory (MB): peak = 5729.992 ; gain = 5519.863
Finished Loading Part and Timing Information : Time (s): cpu = 00:26:00 ; elapsed = 00:26:58 . Memory (MB): peak = 5729.992 ; gain = 5519.863
Finished applying 'set_property' XDC Constraints : Time (s): cpu = 00:26:00 ; elapsed = 00:26:58 . Memory (MB): peak = 5729.992 ; gain = 5519.863
Finished RTL Optimization Phase 2 : Time (s): cpu = 00:26:00 ; elapsed = 00:26:58 . Memory (MB): peak = 5729.992 ; gain = 5519.863
Finished Cross Boundary and Area Optimization : Time (s): cpu = 00:26:04 ; elapsed = 00:27:03 . Memory (MB): peak = 5729.992 ; gain = 5519.863
---------------------------------------------------------------------------------
Start ROM, RAM, DSP and Shift Register Reporting
---------------------------------------------------------------------------------

Distributed RAM: Preliminary Mapping  Report (see note below)
+---------------------+-----------------------------------------------------------+----------------+----------------------+---------------------------------------------------+
|Module Name          | RTL Object                                                | Inference      | Size (Depth x Width) | Primitives                                        | 
+---------------------+-----------------------------------------------------------+----------------+----------------------+---------------------------------------------------+
|dist_mem_gen_v8_0_11 | synth_options.dist_mem_inst/gen_sp_ram.spram_inst/ram_reg | User Attribute | 16 K x 32            | RAM64X1S x 32  RAM128X1S x 32  RAM256X1S x 2016   | 
+---------------------+-----------------------------------------------------------+----------------+----------------------+---------------------------------------------------+

Note: The table above is a preliminary report that shows the Distributed RAMs at the current stage of the synthesis flow. Some Distributed RAMs may be reimplemented as non Distributed RAM primitives later in the synthesis flow. Multiple instantiated RAMs are reported only once.
---------------------------------------------------------------------------------
Finished ROM, RAM, DSP and Shift Register Reporting
---------------------------------------------------------------------------------
Finished Applying XDC Timing Constraints : Time (s): cpu = 00:26:17 ; elapsed = 00:27:15 . Memory (MB): peak = 5729.992 ; gain = 5519.863
Finished Timing Optimization : Time (s): cpu = 00:26:18 ; elapsed = 00:27:16 . Memory (MB): peak = 5729.992 ; gain = 5519.863
Finished Technology Mapping : Time (s): cpu = 00:26:19 ; elapsed = 00:27:18 . Memory (MB): peak = 5729.992 ; gain = 5519.863
Finished IO Insertion : Time (s): cpu = 00:26:20 ; elapsed = 00:27:19 . Memory (MB): peak = 5729.992 ; gain = 5519.863
Finished Renaming Generated Instances : Time (s): cpu = 00:26:20 ; elapsed = 00:27:19 . Memory (MB): peak = 5729.992 ; gain = 5519.863
Finished Rebuilding User Hierarchy : Time (s): cpu = 00:26:20 ; elapsed = 00:27:19 . Memory (MB): peak = 5729.992 ; gain = 5519.863
Finished Renaming Generated Ports : Time (s): cpu = 00:26:20 ; elapsed = 00:27:19 . Memory (MB): peak = 5729.992 ; gain = 5519.863
Finished Handling Custom Attributes : Time (s): cpu = 00:26:20 ; elapsed = 00:27:19 . Memory (MB): peak = 5729.992 ; gain = 5519.863
Finished Renaming Generated Nets : Time (s): cpu = 00:26:20 ; elapsed = 00:27:19 . Memory (MB): peak = 5729.992 ; gain = 5519.863

Report Cell Usage: 
+------+----------+------+
|      |Cell      |Count |
+------+----------+------+
|1     |LUT2      |    13|
|2     |LUT3      |    35|
|3     |LUT5      |     2|
|4     |LUT6      |   639|
|5     |MUXF7     |   224|
|6     |MUXF8     |    96|
|7     |RAM128X1S |    32|
|8     |RAM256X1S |  2016|
|9     |RAM64X1S  |    32|
|10    |FDRE      |    32|
+------+----------+------+
Finished Writing Synthesis Report : Time (s): cpu = 00:26:20 ; elapsed = 00:27:19 . Memory (MB): peak = 5729.992 ; gain = 5519.863
synth_design: Time (s): cpu = 00:26:23 ; elapsed = 00:27:21 . Memory (MB): peak = 5729.992 ; gain = 5519.863
