
*** Running vivado
    with args -log dist_dmem_ip.vds -m64 -product Vivado -mode batch -messageDb vivado.pb -notrace -source dist_dmem_ip.tcl


****** Vivado v2016.3 (64-bit)
  **** SW Build 1682563 on Mon Oct 10 19:07:27 MDT 2016
  **** IP Build 1681267 on Mon Oct 10 21:28:31 MDT 2016
    ** Copyright 1986-2016 Xilinx, Inc. All Rights Reserved.

source dist_dmem_ip.tcl -notrace
Starting RTL Elaboration : Time (s): cpu = 00:00:10 ; elapsed = 00:00:13 . Memory (MB): peak = 285.004 ; gain = 74.535
INFO: [Synth 8-638] synthesizing module 'dist_dmem_ip' [l:/CPU54/CPU54.srcs/sources_1/ip/dist_dmem_ip/synth/dist_dmem_ip.vhd:69]
INFO: [Synth 8-256] done synthesizing module 'dist_dmem_ip' (4#1) [l:/CPU54/CPU54.srcs/sources_1/ip/dist_dmem_ip/synth/dist_dmem_ip.vhd:69]
Finished RTL Elaboration : Time (s): cpu = 01:06:58 ; elapsed = 01:23:39 . Memory (MB): peak = 9761.805 ; gain = 9551.336
Finished RTL Optimization Phase 1 : Time (s): cpu = 01:06:59 ; elapsed = 01:23:40 . Memory (MB): peak = 9761.805 ; gain = 9551.336
INFO: [Device 21-403] Loading part xc7a100tcsg324-1
Constraint Validation Runtime : Time (s): cpu = 00:00:00 ; elapsed = 00:00:00.368 . Memory (MB): peak = 9761.805 ; gain = 0.000
Finished Constraint Validation : Time (s): cpu = 01:07:14 ; elapsed = 01:24:05 . Memory (MB): peak = 9761.805 ; gain = 9551.336
Finished Loading Part and Timing Information : Time (s): cpu = 01:07:14 ; elapsed = 01:24:05 . Memory (MB): peak = 9761.805 ; gain = 9551.336
Finished applying 'set_property' XDC Constraints : Time (s): cpu = 01:07:14 ; elapsed = 01:24:05 . Memory (MB): peak = 9761.805 ; gain = 9551.336
Finished RTL Optimization Phase 2 : Time (s): cpu = 01:07:15 ; elapsed = 01:24:05 . Memory (MB): peak = 9761.805 ; gain = 9551.336
Finished Cross Boundary and Area Optimization : Time (s): cpu = 01:07:24 ; elapsed = 01:24:18 . Memory (MB): peak = 9761.805 ; gain = 9551.336
---------------------------------------------------------------------------------
Start ROM, RAM, DSP and Shift Register Reporting
---------------------------------------------------------------------------------

Distributed RAM: Preliminary Mapping  Report (see note below)
+---------------------+-----------------------------------------------------------+----------------+----------------------+------------------------------------+
|Module Name          | RTL Object                                                | Inference      | Size (Depth x Width) | Primitives                         | 
+---------------------+-----------------------------------------------------------+----------------+----------------------+------------------------------------+
|dist_mem_gen_v8_0_11 | synth_options.dist_mem_inst/gen_sp_ram.spram_inst/ram_reg | User Attribute | 32 K x 32            | RAM128X1S x 32  RAM256X1S x 3584   | 
+---------------------+-----------------------------------------------------------+----------------+----------------------+------------------------------------+

Note: The table above is a preliminary report that shows the Distributed RAMs at the current stage of the synthesis flow. Some Distributed RAMs may be reimplemented as non Distributed RAM primitives later in the synthesis flow. Multiple instantiated RAMs are reported only once.
---------------------------------------------------------------------------------
Finished ROM, RAM, DSP and Shift Register Reporting
---------------------------------------------------------------------------------
Finished Applying XDC Timing Constraints : Time (s): cpu = 01:07:38 ; elapsed = 01:24:35 . Memory (MB): peak = 9761.805 ; gain = 9551.336
Finished Timing Optimization : Time (s): cpu = 01:07:40 ; elapsed = 01:24:37 . Memory (MB): peak = 9761.805 ; gain = 9551.336
Finished Technology Mapping : Time (s): cpu = 01:07:44 ; elapsed = 01:24:41 . Memory (MB): peak = 9761.805 ; gain = 9551.336
Finished IO Insertion : Time (s): cpu = 01:07:45 ; elapsed = 01:24:43 . Memory (MB): peak = 9761.805 ; gain = 9551.336
Finished Renaming Generated Instances : Time (s): cpu = 01:07:45 ; elapsed = 01:24:43 . Memory (MB): peak = 9761.805 ; gain = 9551.336
Finished Rebuilding User Hierarchy : Time (s): cpu = 01:07:45 ; elapsed = 01:24:43 . Memory (MB): peak = 9761.805 ; gain = 9551.336
Finished Renaming Generated Ports : Time (s): cpu = 01:07:45 ; elapsed = 01:24:43 . Memory (MB): peak = 9761.805 ; gain = 9551.336
Finished Handling Custom Attributes : Time (s): cpu = 01:07:46 ; elapsed = 01:24:44 . Memory (MB): peak = 9761.805 ; gain = 9551.336
Finished Renaming Generated Nets : Time (s): cpu = 01:07:46 ; elapsed = 01:24:44 . Memory (MB): peak = 9761.805 ; gain = 9551.336

Report Cell Usage: 
+------+----------+------+
|      |Cell      |Count |
+------+----------+------+
|1     |LUT4      |   919|
|2     |LUT5      |   918|
|3     |LUT6      |   993|
|4     |MUXF7     |   480|
|5     |MUXF8     |   224|
|6     |RAM128X1S |    32|
|7     |RAM256X1S |  3584|
|8     |FDRE      |    32|
+------+----------+------+
Finished Writing Synthesis Report : Time (s): cpu = 01:07:46 ; elapsed = 01:24:44 . Memory (MB): peak = 9761.805 ; gain = 9551.336
synth_design: Time (s): cpu = 01:07:52 ; elapsed = 01:24:49 . Memory (MB): peak = 9761.805 ; gain = 9551.336
